10:43:28.244 [main] INFO  testcase.TC_001_AccRegTest - Starting test
10:43:28.375 [main] INFO  testcase.TC_001_AccRegTest - Account login
10:47:46.311 [main] DEBUG io.netty.util.internal.logging.InternalLoggerFactory - Using Log4J2 as the default logging framework
10:47:46.317 [main] DEBUG io.netty.util.ResourceLeakDetector - -Dio.netty.leakDetection.level: simple
10:47:46.318 [main] DEBUG io.netty.util.ResourceLeakDetector - -Dio.netty.leakDetection.targetRecords: 4
10:47:46.321 [main] DEBUG io.netty.util.ResourceLeakDetectorFactory - Loaded default ResourceLeakDetector: io.netty.util.ResourceLeakDetector@46cf05f7
10:47:46.335 [main] DEBUG io.netty.util.internal.PlatformDependent0 - -Dio.netty.noUnsafe: false
10:47:46.335 [main] DEBUG io.netty.util.internal.PlatformDependent0 - Java version: 20
10:47:46.335 [main] DEBUG io.netty.util.internal.PlatformDependent0 - sun.misc.Unsafe.theUnsafe: available
10:47:46.336 [main] DEBUG io.netty.util.internal.PlatformDependent0 - sun.misc.Unsafe.copyMemory: available
10:47:46.336 [main] DEBUG io.netty.util.internal.PlatformDependent0 - sun.misc.Unsafe.storeFence: available
10:47:46.337 [main] DEBUG io.netty.util.internal.PlatformDependent0 - java.nio.Buffer.address: available
10:47:46.338 [main] DEBUG io.netty.util.internal.PlatformDependent0 - direct buffer constructor: unavailable: Reflective setAccessible(true) disabled
10:47:46.339 [main] DEBUG io.netty.util.internal.PlatformDependent0 - java.nio.Bits.unaligned: available, true
10:47:46.339 [main] DEBUG io.netty.util.internal.PlatformDependent0 - jdk.internal.misc.Unsafe.allocateUninitializedArray(int): unavailable: class io.netty.util.internal.PlatformDependent0$7 cannot access class jdk.internal.misc.Unsafe (in module java.base) because module java.base does not export jdk.internal.misc to unnamed module @1963006a
10:47:46.340 [main] DEBUG io.netty.util.internal.PlatformDependent0 - java.nio.DirectByteBuffer.<init>(long, {int,long}): unavailable
10:47:46.340 [main] DEBUG io.netty.util.internal.PlatformDependent - sun.misc.Unsafe: available
10:47:46.341 [main] DEBUG io.netty.util.internal.PlatformDependent - maxDirectMemory: 2118123520 bytes (maybe)
10:47:46.342 [main] DEBUG io.netty.util.internal.PlatformDependent - -Dio.netty.tmpdir: C:\Users\Monica\AppData\Local\Temp (java.io.tmpdir)
10:47:46.342 [main] DEBUG io.netty.util.internal.PlatformDependent - -Dio.netty.bitMode: 64 (sun.arch.data.model)
10:47:46.342 [main] DEBUG io.netty.util.internal.PlatformDependent - Platform: Windows
10:47:46.342 [main] DEBUG io.netty.util.internal.PlatformDependent - -Dio.netty.maxDirectMemory: -1 bytes
10:47:46.342 [main] DEBUG io.netty.util.internal.PlatformDependent - -Dio.netty.uninitializedArrayAllocationThreshold: -1
10:47:46.344 [main] DEBUG io.netty.util.internal.CleanerJava9 - java.nio.ByteBuffer.cleaner(): available
10:47:46.344 [main] DEBUG io.netty.util.internal.PlatformDependent - -Dio.netty.noPreferDirect: false
10:47:46.350 [main] DEBUG io.netty.util.internal.PlatformDependent - org.jctools-core.MpscChunkedArrayQueue: available
10:47:46.364 [main] DEBUG io.netty.util.internal.InternalThreadLocalMap - -Dio.netty.threadLocalMap.stringBuilder.initialSize: 1024
10:47:46.364 [main] DEBUG io.netty.util.internal.InternalThreadLocalMap - -Dio.netty.threadLocalMap.stringBuilder.maxSize: 4096
10:47:46.490 [main] DEBUG io.netty.handler.ssl.JdkSslContext - Default protocols (JDK): [TLSv1.3, TLSv1.2] 
10:47:46.490 [main] DEBUG io.netty.handler.ssl.JdkSslContext - Default cipher suites (JDK): [TLS_ECDHE_ECDSA_WITH_AES_256_GCM_SHA384, TLS_ECDHE_ECDSA_WITH_AES_128_GCM_SHA256, TLS_ECDHE_RSA_WITH_AES_128_GCM_SHA256, TLS_ECDHE_RSA_WITH_AES_256_GCM_SHA384, TLS_ECDHE_RSA_WITH_AES_128_CBC_SHA, TLS_ECDHE_RSA_WITH_AES_256_CBC_SHA, TLS_RSA_WITH_AES_128_GCM_SHA256, TLS_RSA_WITH_AES_128_CBC_SHA, TLS_RSA_WITH_AES_256_CBC_SHA, TLS_AES_128_GCM_SHA256, TLS_AES_256_GCM_SHA384]
10:47:46.500 [main] DEBUG io.netty.util.concurrent.GlobalEventExecutor - -Dio.netty.globalEventExecutor.quietPeriodSeconds: 1
10:47:46.511 [main] DEBUG io.netty.channel.MultithreadEventLoopGroup - -Dio.netty.eventLoopThreads: 16
10:47:46.518 [main] DEBUG io.netty.channel.nio.NioEventLoop - -Dio.netty.noKeySetOptimization: false
10:47:46.518 [main] DEBUG io.netty.channel.nio.NioEventLoop - -Dio.netty.selectorAutoRebuildThreshold: 512
10:47:46.556 [main] DEBUG io.netty.buffer.PooledByteBufAllocator - -Dio.netty.allocator.numHeapArenas: 16
10:47:46.556 [main] DEBUG io.netty.buffer.PooledByteBufAllocator - -Dio.netty.allocator.numDirectArenas: 16
10:47:46.557 [main] DEBUG io.netty.buffer.PooledByteBufAllocator - -Dio.netty.allocator.pageSize: 8192
10:47:46.557 [main] DEBUG io.netty.buffer.PooledByteBufAllocator - -Dio.netty.allocator.maxOrder: 9
10:47:46.557 [main] DEBUG io.netty.buffer.PooledByteBufAllocator - -Dio.netty.allocator.chunkSize: 4194304
10:47:46.557 [main] DEBUG io.netty.buffer.PooledByteBufAllocator - -Dio.netty.allocator.smallCacheSize: 256
10:47:46.557 [main] DEBUG io.netty.buffer.PooledByteBufAllocator - -Dio.netty.allocator.normalCacheSize: 64
10:47:46.557 [main] DEBUG io.netty.buffer.PooledByteBufAllocator - -Dio.netty.allocator.maxCachedBufferCapacity: 32768
10:47:46.557 [main] DEBUG io.netty.buffer.PooledByteBufAllocator - -Dio.netty.allocator.cacheTrimInterval: 8192
10:47:46.557 [main] DEBUG io.netty.buffer.PooledByteBufAllocator - -Dio.netty.allocator.cacheTrimIntervalMillis: 0
10:47:46.557 [main] DEBUG io.netty.buffer.PooledByteBufAllocator - -Dio.netty.allocator.useCacheForAllThreads: false
10:47:46.557 [main] DEBUG io.netty.buffer.PooledByteBufAllocator - -Dio.netty.allocator.maxCachedByteBuffersPerChunk: 1023
10:47:46.567 [main] DEBUG io.netty.buffer.ByteBufUtil - -Dio.netty.allocator.type: pooled
10:47:46.568 [main] DEBUG io.netty.buffer.ByteBufUtil - -Dio.netty.threadLocalDirectBufferSize: 0
10:47:46.568 [main] DEBUG io.netty.buffer.ByteBufUtil - -Dio.netty.maxThreadLocalCharBufferSize: 16384
10:47:46.778 [Forwarding newSession on session null to remote] DEBUG io.netty.channel.DefaultChannelId - -Dio.netty.processId: 13508 (auto-detected)
10:47:46.780 [Forwarding newSession on session null to remote] DEBUG io.netty.util.NetUtil - -Djava.net.preferIPv4Stack: false
10:47:46.780 [Forwarding newSession on session null to remote] DEBUG io.netty.util.NetUtil - -Djava.net.preferIPv6Addresses: false
10:47:46.789 [Forwarding newSession on session null to remote] DEBUG io.netty.util.NetUtilInitializations - Loopback interface: lo (Software Loopback Interface 1, 127.0.0.1)
10:47:46.789 [Forwarding newSession on session null to remote] DEBUG io.netty.util.NetUtil - Failed to get SOMAXCONN from sysctl and file \proc\sys\net\core\somaxconn. Default: 200
10:47:46.800 [Forwarding newSession on session null to remote] DEBUG io.netty.channel.DefaultChannelId - -Dio.netty.machineId: dc:f5:05:ff:fe:a3:8b:b9 (auto-detected)
10:47:46.834 [AsyncHttpClient-1-2] DEBUG io.netty.buffer.AbstractByteBuf - -Dio.netty.buffer.checkAccessible: true
10:47:46.834 [AsyncHttpClient-1-2] DEBUG io.netty.buffer.AbstractByteBuf - -Dio.netty.buffer.checkBounds: true
10:47:46.834 [AsyncHttpClient-1-2] DEBUG io.netty.util.ResourceLeakDetectorFactory - Loaded default ResourceLeakDetector: io.netty.util.ResourceLeakDetector@66ca26d
10:47:46.856 [AsyncHttpClient-1-2] DEBUG io.netty.util.Recycler - -Dio.netty.recycler.maxCapacityPerThread: 4096
10:47:46.856 [AsyncHttpClient-1-2] DEBUG io.netty.util.Recycler - -Dio.netty.recycler.ratio: 8
10:47:46.856 [AsyncHttpClient-1-2] DEBUG io.netty.util.Recycler - -Dio.netty.recycler.chunkSize: 32
10:47:46.856 [AsyncHttpClient-1-2] DEBUG io.netty.util.Recycler - -Dio.netty.recycler.blocking: false
10:47:46.856 [AsyncHttpClient-1-2] DEBUG io.netty.util.Recycler - -Dio.netty.recycler.batchFastThreadLocalOnly: true
10:47:47.416 [AsyncHttpClient-1-2] DEBUG io.netty.handler.codec.compression.Brotli - brotli4j not in the classpath; Brotli support will be unavailable.
10:47:47.501 [main] DEBUG io.netty.util.internal.ThreadLocalRandom - -Dio.netty.initialSeedUniquifier: 0x06c2eca14aea3289
10:47:48.708 [main] INFO  testcase.TC_001_AccRegTest - Starting test
10:47:48.822 [main] INFO  testcase.TC_001_AccRegTest - Account login
10:48:59.638 [main] INFO  testcase.TC_001_AccRegTest - Starting test
10:48:59.786 [main] INFO  testcase.TC_001_AccRegTest - Account login
18:46:44.261 [main] INFO  testcase.TC_001_AccRegTest - Starting test
18:46:44.447 [main] INFO  testcase.TC_001_AccRegTest - Account login
18:55:55.382 [main] INFO  testcase.TC_001_AccRegTest - Starting test
18:55:55.522 [main] INFO  testcase.TC_001_AccRegTest - Account login
18:56:29.181 [main] INFO  testcase.TC_001_AccRegTest - Starting test
18:56:29.369 [main] INFO  testcase.TC_001_AccRegTest - Account login
19:15:02.991 [main] INFO  testcase.TC_001_AccRegTest - Starting test
19:15:03.150 [main] INFO  testcase.TC_001_AccRegTest - Account login
19:16:45.965 [main] INFO  testcase.TC_001_AccRegTest - Starting test
19:16:46.217 [main] INFO  testcase.TC_001_AccRegTest - Account login
19:17:43.665 [main] INFO  testcase.TC_001_AccRegTest - Starting test
19:17:43.854 [main] INFO  testcase.TC_001_AccRegTest - Account login
19:18:12.951 [main] INFO  testcase.TC_001_AccRegTest - Starting test
19:18:13.332 [main] INFO  testcase.TC_001_AccRegTest - Account login
19:19:31.067 [main] INFO  testcase.TC_001_AccRegTest - Starting test
19:19:31.259 [main] INFO  testcase.TC_001_AccRegTest - Account login
19:20:02.096 [main] INFO  testcase.TC_001_AccRegTest - Starting test
19:20:02.244 [main] INFO  testcase.TC_001_AccRegTest - Account login
20:16:46.286 [main] INFO  testcase.TC_001_AccRegTest - Starting test
20:16:46.587 [main] INFO  testcase.TC_001_AccRegTest - Account login
20:18:03.732 [main] INFO  testcase.TC_001_AccRegTest - Starting test
20:18:03.864 [main] INFO  testcase.TC_001_AccRegTest - Account login
13:47:06.545 [main] INFO  testcase.TC_001_AccRegTest - Starting test
13:47:06.771 [main] INFO  testcase.TC_001_AccRegTest - Account login
13:48:16.950 [main] INFO  testcase.TC_001_AccRegTest - Starting test
13:48:17.153 [main] INFO  testcase.TC_001_AccRegTest - Account login
14:50:52.995 [main] INFO  testcase.TC_003_LoginDataDrivenTest -  Starting TC_003_LoginDataDrivenTest 
14:59:31.668 [main] INFO  testcase.TC_003_LoginDataDrivenTest -  Starting TC_003_LoginDataDrivenTest 
15:00:28.852 [main] INFO  testcase.TC_003_LoginDataDrivenTest -  Starting TC_003_LoginDataDrivenTest 
11:26:21.488 [main] INFO  testcase.TC_003_LoginDataDrivenTest -  Starting TC_003_LoginDataDrivenTest 
11:43:27.244 [main] INFO  testcase.TC_001_AccRegTest - Starting test
11:43:27.410 [main] INFO  testcase.TC_001_AccRegTest - Account login
12:05:17.098 [main] INFO  testcase.TC_001_AccRegTest - Starting test
12:05:17.236 [main] INFO  testcase.TC_001_AccRegTest - Account login
12:05:57.752 [main] INFO  testcase.TC_001_AccRegTest - Starting test
12:05:57.918 [main] INFO  testcase.TC_001_AccRegTest - Account login
12:33:44.536 [main] INFO  testcase.TC_001_AccRegTest - Starting test
12:33:44.638 [main] INFO  testcase.TC_001_AccRegTest - Account login
13:02:50.427 [main] INFO  testcase.TC_001_AccRegTest - Starting test
13:02:50.529 [main] INFO  testcase.TC_001_AccRegTest - Account login
